
🖥️  Using device: cuda

============================================================
Evaluating VIFT Model Trained from Scratch
============================================================

📊 Model Information:
   Loaded checkpoint from epoch 36
   Validation loss: -2.0170
   Val translation error: 3.23 cm
   Val rotation error: 1.95°
Found 4 sequences in aria_processed/test
Created 3920 samples with window size 21

Found test sequences: ['016', '017', '018', '019']

📁 Test sequences: ['016', '017', '018', '019']
Found 4 sequences in aria_processed/test
Created 3920 samples with window size 21
📁 Test dataset loaded: 3920 samples

🔍 Evaluating on test sequences...
   Using Sim(3) alignment for scale correction

==================================================
FRAME CONVENTION MICRO-EXPERIMENT
==================================================
Original  : mean angle =   83.0°
Flip X    : mean angle =  109.6°
Flip Y    : mean angle =   75.1°
Flip Z    : mean angle =   79.2°
Swap XY   : mean angle =   88.2°
Swap XZ   : mean angle =   75.9°
Swap YZ   : mean angle =   60.6°
==================================================


[Δt window 000 | Seq 016] pred (m):
[[ 0.0008 -0.0074  0.0087]
 [ 0.0006 -0.0069  0.0089]
 [-0.0043 -0.0008  0.001 ]
 [-0.0071  0.0055 -0.0092]
 [-0.0065  0.0031 -0.0055]
 [-0.007  -0.0046  0.0036]
 [-0.01    0.0003 -0.0066]
 [-0.0231 -0.0258 -0.0026]
 [-0.0225 -0.0192 -0.0078]
 [-0.0096  0.0119 -0.0134]
 [-0.0031  0.0132 -0.0042]
 [ 0.0023 -0.0026  0.0059]
 [ 0.0044 -0.0029  0.0056]
 [ 0.0048 -0.0005  0.0049]
 [ 0.0029 -0.0057  0.0068]
 [ 0.0011 -0.0077  0.0067]
 [ 0.001  -0.006   0.006 ]
 [ 0.003  -0.0064  0.0065]
 [ 0.0015 -0.0058  0.0064]
 [ 0.0004 -0.0057  0.0051]]
[Δt window 000 | Seq 016] gt   (m):
[[-0.0016 -0.0004 -0.0015]
 [-0.0016 -0.0013 -0.0027]
 [-0.0034 -0.0029 -0.0107]
 [-0.0033 -0.0044 -0.0154]
 [-0.0043 -0.0046 -0.0078]
 [-0.0058 -0.0049 -0.0009]
 [-0.0124 -0.0063 -0.0026]
 [-0.0228 -0.0132 -0.014 ]
 [-0.0156 -0.0129 -0.0091]
 [-0.0088 -0.0087  0.0087]
 [-0.004  -0.009   0.0134]
 [-0.0037 -0.0074  0.0169]
 [ 0.0038 -0.006   0.0186]
 [ 0.0073 -0.006   0.0137]
 [ 0.0004 -0.005   0.011 ]
 [-0.0003 -0.0009  0.0104]
 [ 0.0014  0.0052  0.0046]
 [ 0.0037  0.0072  0.0028]
 [ 0.0011  0.0042 -0.0005]
 [-0.0008  0.0031 -0.0079]]

[INFO] wrote first-5-s relative poses to evaluation_from_scratch/rel_pose_first5s_seq016.csv

[Δt window 001 | Seq 016] pred (m):
[[ 0.0009 -0.0072  0.009 ]
 [-0.0041 -0.0008  0.0008]
 [-0.007   0.0056 -0.0096]
 [-0.0065  0.0032 -0.0058]
 [-0.0069 -0.0048  0.0035]
 [-0.0101  0.0003 -0.007 ]
 [-0.0235 -0.0266 -0.0028]
 [-0.0229 -0.0198 -0.0082]
 [-0.0096  0.0122 -0.014 ]
 [-0.003   0.0136 -0.0044]
 [ 0.0027 -0.0027  0.0059]
 [ 0.0048 -0.003   0.0055]
 [ 0.0052 -0.0006  0.0049]
 [ 0.0032 -0.0059  0.0069]
 [ 0.0014 -0.008   0.0068]
 [ 0.0013 -0.0062  0.006 ]
 [ 0.0033 -0.0066  0.0065]
 [ 0.0018 -0.006   0.0064]
 [ 0.0007 -0.0058  0.0051]
 [ 0.0016  0.0002  0.0047]]
[Δt window 001 | Seq 016] gt   (m):
[[-0.0016 -0.0013 -0.0027]
 [-0.0034 -0.0029 -0.0107]
 [-0.0033 -0.0044 -0.0154]
 [-0.0043 -0.0046 -0.0078]
 [-0.0058 -0.0049 -0.0009]
 [-0.0124 -0.0063 -0.0026]
 [-0.0228 -0.0132 -0.014 ]
 [-0.0156 -0.0129 -0.0091]
 [-0.0088 -0.0087  0.0087]
 [-0.004  -0.009   0.0134]
 [-0.0037 -0.0074  0.0169]
 [ 0.0038 -0.006   0.0186]
 [ 0.0073 -0.006   0.0137]
 [ 0.0004 -0.005   0.011 ]
 [-0.0003 -0.0009  0.0104]
 [ 0.0014  0.0052  0.0046]
 [ 0.0037  0.0072  0.0028]
 [ 0.0011  0.0042 -0.0005]
 [-0.0008  0.0031 -0.0079]
 [ 0.0021  0.005  -0.0083]]


[Δt window 002 | Seq 016] pred (m):
[[-0.0039 -0.0009  0.002 ]
 [-0.0069  0.0056 -0.0084]
 [-0.0063  0.0032 -0.0047]
 [-0.0068 -0.0049  0.0047]
 [-0.0099  0.0002 -0.0058]
 [-0.0235 -0.0268 -0.0016]
 [-0.0228 -0.02   -0.0071]
 [-0.0094  0.0122 -0.0129]
 [-0.0028  0.0136 -0.0033]
 [ 0.0029 -0.0027  0.0071]
 [ 0.005  -0.0031  0.0068]
 [ 0.0054 -0.0006  0.0061]
 [ 0.0034 -0.006   0.0081]
 [ 0.0016 -0.0081  0.008 ]
 [ 0.0015 -0.0063  0.0072]
 [ 0.0036 -0.0067  0.0078]
 [ 0.0021 -0.0061  0.0076]
 [ 0.0009 -0.0059  0.0063]
 [ 0.0018  0.0001  0.0059]
 [ 0.0011  0.0004 -0.0088]]
[Δt window 002 | Seq 016] gt   (m):
[[-0.0034 -0.0029 -0.0107]
 [-0.0033 -0.0044 -0.0154]
 [-0.0043 -0.0046 -0.0078]
 [-0.0058 -0.0049 -0.0009]
 [-0.0124 -0.0063 -0.0026]
 [-0.0228 -0.0132 -0.014 ]
 [-0.0156 -0.0129 -0.0091]
 [-0.0088 -0.0087  0.0087]
 [-0.004  -0.009   0.0134]
 [-0.0037 -0.0074  0.0169]
 [ 0.0038 -0.006   0.0186]
 [ 0.0073 -0.006   0.0137]
 [ 0.0004 -0.005   0.011 ]
 [-0.0003 -0.0009  0.0104]
 [ 0.0014  0.0052  0.0046]
 [ 0.0037  0.0072  0.0028]
 [ 0.0011  0.0042 -0.0005]
 [-0.0008  0.0031 -0.0079]
 [ 0.0021  0.005  -0.0083]
 [ 0.0023  0.0047  0.0022]]


[Δt window 003 | Seq 016] pred (m):
[[-0.0076  0.004  -0.0055]
 [-0.0071  0.002  -0.0025]
 [-0.0075 -0.0044  0.005 ]
 [-0.01   -0.0003 -0.0034]
 [-0.0208 -0.0217 -0.0001]
 [-0.0203 -0.0163 -0.0044]
 [-0.0096  0.0092 -0.009 ]
 [-0.0044  0.0103 -0.0014]
 [ 0.0001 -0.0027  0.0068]
 [ 0.0018 -0.0029  0.0066]
 [ 0.0022 -0.001   0.006 ]
 [ 0.0006 -0.0053  0.0076]
 [-0.0009 -0.0069  0.0075]
 [-0.0009 -0.0055  0.0069]
 [ 0.0007 -0.0058  0.0074]
 [-0.0005 -0.0053  0.0072]
 [-0.0015 -0.0052  0.0062]
 [-0.0007 -0.0004  0.0059]
 [-0.0013 -0.0001 -0.0058]
 [ 0.0382  0.0052  0.0253]]
[Δt window 003 | Seq 016] gt   (m):
[[-0.0033 -0.0044 -0.0154]
 [-0.0043 -0.0046 -0.0078]
 [-0.0058 -0.0049 -0.0009]
 [-0.0124 -0.0063 -0.0026]
 [-0.0228 -0.0132 -0.014 ]
 [-0.0156 -0.0129 -0.0091]
 [-0.0088 -0.0087  0.0087]
 [-0.004  -0.009   0.0134]
 [-0.0037 -0.0074  0.0169]
 [ 0.0038 -0.006   0.0186]
 [ 0.0073 -0.006   0.0137]
 [ 0.0004 -0.005   0.011 ]
 [-0.0003 -0.0009  0.0104]
 [ 0.0014  0.0052  0.0046]
 [ 0.0037  0.0072  0.0028]
 [ 0.0011  0.0042 -0.0005]
 [-0.0008  0.0031 -0.0079]
 [ 0.0021  0.005  -0.0083]
 [ 0.0023  0.0047  0.0022]
 [ 0.01    0.0067  0.0305]]


[Δt window 004 | Seq 016] pred (m):
[[-0.0071  0.0008  0.0002]
 [-0.0073 -0.0032  0.0049]
 [-0.0089 -0.0007 -0.0004]
 [-0.0156 -0.0142  0.0017]
 [-0.0153 -0.0108 -0.001 ]
 [-0.0086  0.0053 -0.0039]
 [-0.0053  0.0061  0.0009]
 [-0.0025 -0.0021  0.0061]
 [-0.0014 -0.0023  0.0059]
 [-0.0012 -0.0011  0.0056]
 [-0.0022 -0.0038  0.0066]
 [-0.0031 -0.0048  0.0065]
 [-0.0031 -0.0039  0.0061]
 [-0.0021 -0.0041  0.0064]
 [-0.0029 -0.0038  0.0063]
 [-0.0035 -0.0037  0.0057]
 [-0.003  -0.0007  0.0055]
 [-0.0033 -0.0006 -0.0019]
 [ 0.0216  0.0028  0.0177]
 [ 0.0523  0.0034  0.0573]]
[Δt window 004 | Seq 016] gt   (m):
[[-0.0043 -0.0046 -0.0078]
 [-0.0058 -0.0049 -0.0009]
 [-0.0124 -0.0063 -0.0026]
 [-0.0228 -0.0132 -0.014 ]
 [-0.0156 -0.0129 -0.0091]
 [-0.0088 -0.0087  0.0087]
 [-0.004  -0.009   0.0134]
 [-0.0037 -0.0074  0.0169]
 [ 0.0038 -0.006   0.0186]
 [ 0.0073 -0.006   0.0137]
 [ 0.0004 -0.005   0.011 ]
 [-0.0003 -0.0009  0.0104]
 [ 0.0014  0.0052  0.0046]
 [ 0.0037  0.0072  0.0028]
 [ 0.0011  0.0042 -0.0005]
 [-0.0008  0.0031 -0.0079]
 [ 0.0021  0.005  -0.0083]
 [ 0.0023  0.0047  0.0022]
 [ 0.01    0.0067  0.0305]
 [ 0.0236  0.0073  0.0549]]


[Δt window 000 | Seq 017] pred (m):
[[ 0.0088 -0.0092 -0.0045]
 [ 0.0072 -0.0104 -0.0042]
 [ 0.013  -0.0115 -0.0063]
 [ 0.0057 -0.0058 -0.0018]
 [ 0.0026 -0.006  -0.0004]
 [ 0.0004 -0.0006  0.0086]
 [-0.0082  0.0025  0.0362]
 [ 0.0028 -0.0015  0.0308]
 [-0.0001  0.0025  0.0461]
 [ 0.0036 -0.019   0.1174]
 [ 0.0102  0.0077  0.0333]
 [-0.0024  0.0117  0.0019]
 [-0.0031  0.0307  0.0148]
 [ 0.0123 -0.0033  0.0086]
 [ 0.0056  0.0114 -0.0016]
 [ 0.0102  0.0171 -0.02  ]
 [ 0.0045  0.0005  0.0063]
 [ 0.0095 -0.0121  0.0135]
 [ 0.0102 -0.0084  0.0122]
 [ 0.0133 -0.0072  0.0093]]
[Δt window 000 | Seq 017] gt   (m):
[[-0.0147 -0.0085 -0.0016]
 [-0.0163 -0.0115 -0.0037]
 [-0.0184 -0.0141 -0.0039]
 [-0.037  -0.0314 -0.0052]
 [-0.0145 -0.0153  0.0019]
 [-0.0106 -0.0147  0.005 ]
 [-0.0016 -0.0285  0.0117]
 [ 0.009  -0.0129  0.0102]
 [ 0.0146 -0.0103  0.0166]
 [ 0.0472 -0.0104  0.0481]
 [ 0.0282  0.0026  0.031 ]
 [ 0.0273  0.0076  0.0315]
 [ 0.0382  0.0282  0.0532]
 [ 0.009   0.0206  0.0195]
 [ 0.0106  0.0175  0.0188]
 [ 0.0116  0.0316  0.0316]
 [ 0.0021  0.0135  0.01  ]
 [ 0.0029  0.0109  0.0076]
 [ 0.0032  0.008   0.0064]
 [ 0.0155  0.0061  0.0115]]

[INFO] wrote first-5-s relative poses to evaluation_from_scratch/rel_pose_first5s_seq017.csv

[Δt window 001 | Seq 017] pred (m):
[[ 0.0082 -0.0097 -0.0047]
 [ 0.014  -0.0108 -0.0068]
 [ 0.0067 -0.0052 -0.0023]
 [ 0.0037 -0.0054 -0.0009]
 [ 0.0015  0.      0.008 ]
 [-0.007   0.0031  0.0353]
 [ 0.0038 -0.0009  0.03  ]
 [ 0.001   0.0031  0.0452]
 [ 0.0046 -0.0182  0.1157]
 [ 0.0112  0.0082  0.0325]
 [-0.0013  0.0122  0.0014]
 [-0.002   0.031   0.0142]
 [ 0.0133 -0.0026  0.008 ]
 [ 0.0067  0.0119 -0.0021]
 [ 0.0111  0.0175 -0.0203]
 [ 0.0055  0.0011  0.0058]
 [ 0.0105 -0.0114  0.0129]
 [ 0.0111 -0.0078  0.0116]
 [ 0.0142 -0.0065  0.0087]
 [ 0.0104 -0.0136  0.0134]]
[Δt window 001 | Seq 017] gt   (m):
[[-0.0163 -0.0115 -0.0037]
 [-0.0184 -0.0141 -0.0039]
 [-0.037  -0.0314 -0.0052]
 [-0.0145 -0.0153  0.0019]
 [-0.0106 -0.0147  0.005 ]
 [-0.0016 -0.0285  0.0117]
 [ 0.009  -0.0129  0.0102]
 [ 0.0146 -0.0103  0.0166]
 [ 0.0472 -0.0104  0.0481]
 [ 0.0282  0.0026  0.031 ]
 [ 0.0273  0.0076  0.0315]
 [ 0.0382  0.0282  0.0532]
 [ 0.009   0.0206  0.0195]
 [ 0.0106  0.0175  0.0188]
 [ 0.0116  0.0316  0.0316]
 [ 0.0021  0.0135  0.01  ]
 [ 0.0029  0.0109  0.0076]
 [ 0.0032  0.008   0.0064]
 [ 0.0155  0.0061  0.0115]
 [ 0.0066 -0.0019  0.004 ]]


[Δt window 002 | Seq 017] pred (m):
[[ 0.0148 -0.01   -0.0069]
 [ 0.0076 -0.0046 -0.0025]
 [ 0.0047 -0.0047 -0.0011]
 [ 0.0026  0.0006  0.0077]
 [-0.0058  0.0036  0.0345]
 [ 0.0048 -0.0003  0.0292]
 [ 0.0021  0.0036  0.0442]
 [ 0.0056 -0.0173  0.1136]
 [ 0.0121  0.0086  0.0317]
 [-0.0002  0.0126  0.0012]
 [-0.0009  0.031   0.0137]
 [ 0.0141 -0.002   0.0076]
 [ 0.0076  0.0123 -0.0023]
 [ 0.012   0.0178 -0.0202]
 [ 0.0065  0.0017  0.0055]
 [ 0.0113 -0.0107  0.0125]
 [ 0.012  -0.0071  0.0111]
 [ 0.0151 -0.0059  0.0084]
 [ 0.0113 -0.0128  0.013 ]
 [ 0.0121 -0.0133  0.0136]]
[Δt window 002 | Seq 017] gt   (m):
[[-0.0184 -0.0141 -0.0039]
 [-0.037  -0.0314 -0.0052]
 [-0.0145 -0.0153  0.0019]
 [-0.0106 -0.0147  0.005 ]
 [-0.0016 -0.0285  0.0117]
 [ 0.009  -0.0129  0.0102]
 [ 0.0146 -0.0103  0.0166]
 [ 0.0472 -0.0104  0.0481]
 [ 0.0282  0.0026  0.031 ]
 [ 0.0273  0.0076  0.0315]
 [ 0.0382  0.0282  0.0532]
 [ 0.009   0.0206  0.0195]
 [ 0.0106  0.0175  0.0188]
 [ 0.0116  0.0316  0.0316]
 [ 0.0021  0.0135  0.01  ]
 [ 0.0029  0.0109  0.0076]
 [ 0.0032  0.008   0.0064]
 [ 0.0155  0.0061  0.0115]
 [ 0.0066 -0.0019  0.004 ]
 [ 0.0057 -0.0044  0.0052]]


[Δt window 003 | Seq 017] pred (m):
[[ 0.0093 -0.0045 -0.0021]
 [ 0.0063 -0.0046 -0.0008]
 [ 0.0043  0.0006  0.0079]
 [-0.004   0.0036  0.0342]
 [ 0.0065 -0.0003  0.0291]
 [ 0.0038  0.0035  0.0438]
 [ 0.0072 -0.017   0.1119]
 [ 0.0136  0.0085  0.0315]
 [ 0.0015  0.0124  0.0015]
 [ 0.0008  0.0305  0.0138]
 [ 0.0156 -0.002   0.0078]
 [ 0.0092  0.0121 -0.002 ]
 [ 0.0136  0.0175 -0.0195]
 [ 0.0081  0.0016  0.0057]
 [ 0.0129 -0.0105  0.0126]
 [ 0.0136 -0.007   0.0113]
 [ 0.0166 -0.0058  0.0085]
 [ 0.0128 -0.0125  0.0131]
 [ 0.0136 -0.0131  0.0137]
 [ 0.0153 -0.0099  0.0101]]
[Δt window 003 | Seq 017] gt   (m):
[[-0.037  -0.0314 -0.0052]
 [-0.0145 -0.0153  0.0019]
 [-0.0106 -0.0147  0.005 ]
 [-0.0016 -0.0285  0.0117]
 [ 0.009  -0.0129  0.0102]
 [ 0.0146 -0.0103  0.0166]
 [ 0.0472 -0.0104  0.0481]
 [ 0.0282  0.0026  0.031 ]
 [ 0.0273  0.0076  0.0315]
 [ 0.0382  0.0282  0.0532]
 [ 0.009   0.0206  0.0195]
 [ 0.0106  0.0175  0.0188]
 [ 0.0116  0.0316  0.0316]
 [ 0.0021  0.0135  0.01  ]
 [ 0.0029  0.0109  0.0076]
 [ 0.0032  0.008   0.0064]
 [ 0.0155  0.0061  0.0115]
 [ 0.0066 -0.0019  0.004 ]
 [ 0.0057 -0.0044  0.0052]
 [ 0.013  -0.0138  0.0134]]


[Δt window 004 | Seq 017] pred (m):
[[ 0.0087 -0.0026  0.0013]
 [ 0.0069  0.0021  0.0089]
 [-0.0005  0.0047  0.0324]
 [ 0.0088  0.0013  0.0278]
 [ 0.0064  0.0047  0.0409]
 [ 0.0095 -0.0136  0.1015]
 [ 0.0152  0.0091  0.03  ]
 [ 0.0044  0.0126  0.0033]
 [ 0.0038  0.0287  0.0142]
 [ 0.017  -0.0002  0.0089]
 [ 0.0113  0.0123  0.0002]
 [ 0.0151  0.0171 -0.0154]
 [ 0.0103  0.003   0.007 ]
 [ 0.0145 -0.0077  0.0131]
 [ 0.0151 -0.0046  0.012 ]
 [ 0.0178 -0.0035  0.0096]
 [ 0.0145 -0.0096  0.0136]
 [ 0.0152 -0.01    0.0141]
 [ 0.0166 -0.0072  0.0109]
 [ 0.0158 -0.0111  0.0103]]
[Δt window 004 | Seq 017] gt   (m):
[[-0.0145 -0.0153  0.0019]
 [-0.0106 -0.0147  0.005 ]
 [-0.0016 -0.0285  0.0117]
 [ 0.009  -0.0129  0.0102]
 [ 0.0146 -0.0103  0.0166]
 [ 0.0472 -0.0104  0.0481]
 [ 0.0282  0.0026  0.031 ]
 [ 0.0273  0.0076  0.0315]
 [ 0.0382  0.0282  0.0532]
 [ 0.009   0.0206  0.0195]
 [ 0.0106  0.0175  0.0188]
 [ 0.0116  0.0316  0.0316]
 [ 0.0021  0.0135  0.01  ]
 [ 0.0029  0.0109  0.0076]
 [ 0.0032  0.008   0.0064]
 [ 0.0155  0.0061  0.0115]
 [ 0.0066 -0.0019  0.004 ]
 [ 0.0057 -0.0044  0.0052]
 [ 0.013  -0.0138  0.0134]
 [ 0.0086 -0.0088  0.0075]]


[Δt window 000 | Seq 018] pred (m):
[[-0.     -0.003  -0.    ]
 [ 0.     -0.0032  0.0003]
 [-0.0001 -0.0031  0.0002]
 [-0.0002 -0.0031  0.0003]
 [-0.0004 -0.0033  0.0006]
 [-0.0006 -0.0033  0.0013]
 [-0.0028  0.0018 -0.0037]
 [ 0.0172  0.0026  0.0431]
 [ 0.0074 -0.0101  0.0247]
 [ 0.0271  0.0129  0.0278]
 [-0.0004  0.0029 -0.0044]
 [ 0.0003  0.0037 -0.0009]
 [ 0.0012 -0.0017 -0.0004]
 [-0.0017 -0.0032  0.0025]
 [-0.0014 -0.0022  0.0014]
 [-0.0013 -0.0009 -0.0003]
 [-0.0013 -0.0013  0.0032]
 [-0.0056  0.0036 -0.0039]
 [-0.0012 -0.0077  0.0015]
 [-0.0031 -0.0094 -0.0128]]
[Δt window 000 | Seq 018] gt   (m):
[[-0.      0.0003  0.0019]
 [ 0.0001  0.      0.0033]
 [ 0.0002 -0.0001  0.0018]
 [ 0.0005 -0.001   0.0016]
 [ 0.0003 -0.0009  0.0011]
 [ 0.0004 -0.0008  0.0006]
 [-0.0015 -0.0067  0.0127]
 [ 0.0018 -0.0056  0.0368]
 [ 0.0042  0.0014  0.0225]
 [ 0.0091  0.0031  0.0331]
 [ 0.0045  0.0016  0.01  ]
 [ 0.007   0.002   0.0127]
 [ 0.0056  0.001   0.0065]
 [ 0.0024  0.      0.0011]
 [ 0.0036 -0.0011 -0.0009]
 [ 0.0013 -0.0027 -0.0028]
 [-0.0006 -0.002  -0.0027]
 [-0.0035 -0.0071 -0.0169]
 [-0.0013 -0.0036 -0.0148]
 [-0.0009 -0.006  -0.0274]]

[INFO] wrote first-5-s relative poses to evaluation_from_scratch/rel_pose_first5s_seq018.csv

[Δt window 001 | Seq 018] pred (m):
[[ 0.0002 -0.0035  0.    ]
 [ 0.0001 -0.0035 -0.0002]
 [ 0.     -0.0035 -0.    ]
 [-0.0002 -0.0037  0.0003]
 [-0.0004 -0.0037  0.001 ]
 [-0.0026  0.0014 -0.0041]
 [ 0.0176  0.0023  0.0432]
 [ 0.0077 -0.0106  0.0247]
 [ 0.0276  0.0127  0.0278]
 [-0.0002  0.0026 -0.0048]
 [ 0.0005  0.0034 -0.0012]
 [ 0.0015 -0.0021 -0.0007]
 [-0.0015 -0.0036  0.0022]
 [-0.0012 -0.0026  0.0011]
 [-0.0011 -0.0013 -0.0006]
 [-0.0012 -0.0016  0.0029]
 [-0.0055  0.0033 -0.0042]
 [-0.001  -0.0082  0.0012]
 [-0.0029 -0.0099 -0.0132]
 [-0.0022  0.0028 -0.0143]]
[Δt window 001 | Seq 018] gt   (m):
[[ 0.0001  0.      0.0033]
 [ 0.0002 -0.0001  0.0018]
 [ 0.0005 -0.001   0.0016]
 [ 0.0003 -0.0009  0.0011]
 [ 0.0004 -0.0008  0.0006]
 [-0.0015 -0.0067  0.0127]
 [ 0.0018 -0.0056  0.0368]
 [ 0.0042  0.0014  0.0225]
 [ 0.0091  0.0031  0.0331]
 [ 0.0045  0.0016  0.01  ]
 [ 0.007   0.002   0.0127]
 [ 0.0056  0.001   0.0065]
 [ 0.0024  0.      0.0011]
 [ 0.0036 -0.0011 -0.0009]
 [ 0.0013 -0.0027 -0.0028]
 [-0.0006 -0.002  -0.0027]
 [-0.0035 -0.0071 -0.0169]
 [-0.0013 -0.0036 -0.0148]
 [-0.0009 -0.006  -0.0274]
 [ 0.0021 -0.0006 -0.0174]]


[Δt window 002 | Seq 018] pred (m):
[[ 0.0001 -0.0038 -0.0005]
 [ 0.     -0.0038 -0.0004]
 [-0.0002 -0.004  -0.    ]
 [-0.0004 -0.0041  0.0007]
 [-0.0026  0.0011 -0.0044]
 [ 0.0177  0.0019  0.0431]
 [ 0.0077 -0.0109  0.0244]
 [ 0.0278  0.0125  0.0276]
 [-0.0002  0.0023 -0.0051]
 [ 0.0005  0.0031 -0.0015]
 [ 0.0015 -0.0024 -0.001 ]
 [-0.0015 -0.0039  0.0019]
 [-0.0012 -0.0029  0.0008]
 [-0.0011 -0.0016 -0.0009]
 [-0.0012 -0.0019  0.0026]
 [-0.0055  0.003  -0.0046]
 [-0.001  -0.0085  0.0009]
 [-0.0029 -0.0102 -0.0136]
 [-0.0022  0.0025 -0.0147]
 [-0.002   0.002  -0.0041]]
[Δt window 002 | Seq 018] gt   (m):
[[ 0.0002 -0.0001  0.0018]
 [ 0.0005 -0.001   0.0016]
 [ 0.0003 -0.0009  0.0011]
 [ 0.0004 -0.0008  0.0006]
 [-0.0015 -0.0067  0.0127]
 [ 0.0018 -0.0056  0.0368]
 [ 0.0042  0.0014  0.0225]
 [ 0.0091  0.0031  0.0331]
 [ 0.0045  0.0016  0.01  ]
 [ 0.007   0.002   0.0127]
 [ 0.0056  0.001   0.0065]
 [ 0.0024  0.      0.0011]
 [ 0.0036 -0.0011 -0.0009]
 [ 0.0013 -0.0027 -0.0028]
 [-0.0006 -0.002  -0.0027]
 [-0.0035 -0.0071 -0.0169]
 [-0.0013 -0.0036 -0.0148]
 [-0.0009 -0.006  -0.0274]
 [ 0.0021 -0.0006 -0.0174]
 [-0.0021 -0.0008 -0.0069]]


[Δt window 003 | Seq 018] pred (m):
[[ 0.0005 -0.0024 -0.0011]
 [ 0.0003 -0.0026 -0.0007]
 [ 0.0002 -0.0027 -0.0001]
 [-0.0019  0.002  -0.0047]
 [ 0.0164  0.0028  0.038 ]
 [ 0.0074 -0.0088  0.0213]
 [ 0.0255  0.0122  0.0241]
 [ 0.0003  0.0031 -0.0053]
 [ 0.001   0.0038 -0.0021]
 [ 0.0018 -0.0012 -0.0017]
 [-0.0009 -0.0025  0.001 ]
 [-0.0006 -0.0016 -0.    ]
 [-0.0005 -0.0004 -0.0015]
 [-0.0006 -0.0007  0.0016]
 [-0.0045  0.0037 -0.0048]
 [-0.0004 -0.0067  0.    ]
 [-0.0021 -0.0082 -0.013 ]
 [-0.0015  0.0033 -0.0139]
 [-0.0013  0.0028 -0.0044]
 [-0.0283 -0.0337 -0.0001]]
[Δt window 003 | Seq 018] gt   (m):
[[ 0.0005 -0.001   0.0016]
 [ 0.0003 -0.0009  0.0011]
 [ 0.0004 -0.0008  0.0006]
 [-0.0015 -0.0067  0.0127]
 [ 0.0018 -0.0056  0.0368]
 [ 0.0042  0.0014  0.0225]
 [ 0.0091  0.0031  0.0331]
 [ 0.0045  0.0016  0.01  ]
 [ 0.007   0.002   0.0127]
 [ 0.0056  0.001   0.0065]
 [ 0.0024  0.      0.0011]
 [ 0.0036 -0.0011 -0.0009]
 [ 0.0013 -0.0027 -0.0028]
 [-0.0006 -0.002  -0.0027]
 [-0.0035 -0.0071 -0.0169]
 [-0.0013 -0.0036 -0.0148]
 [-0.0009 -0.006  -0.0274]
 [ 0.0021 -0.0006 -0.0174]
 [-0.0021 -0.0008 -0.0069]
 [-0.0221 -0.0083 -0.0166]]


[Δt window 004 | Seq 018] pred (m):
[[-0.0014 -0.0006 -0.0008]
 [-0.0015 -0.0007 -0.0003]
 [-0.0033  0.0034 -0.0043]
 [ 0.0127  0.0041  0.0332]
 [ 0.0048 -0.0061  0.0185]
 [ 0.0207  0.0124  0.0209]
 [-0.0014  0.0044 -0.0049]
 [-0.0008  0.005  -0.002 ]
 [-0.0001  0.0007 -0.0016]
 [-0.0024 -0.0005  0.0007]
 [-0.0022  0.0002 -0.0002]
 [-0.0021  0.0013 -0.0015]
 [-0.0021  0.001   0.0012]
 [-0.0056  0.0049 -0.0044]
 [-0.002  -0.0042 -0.0001]
 [-0.0035 -0.0055 -0.0116]
 [-0.0029  0.0045 -0.0124]
 [-0.0028  0.0042 -0.0041]
 [-0.0265 -0.0279 -0.0002]
 [ 0.0021 -0.0523 -0.0035]]
[Δt window 004 | Seq 018] gt   (m):
[[ 0.0003 -0.0009  0.0011]
 [ 0.0004 -0.0008  0.0006]
 [-0.0015 -0.0067  0.0127]
 [ 0.0018 -0.0056  0.0368]
 [ 0.0042  0.0014  0.0225]
 [ 0.0091  0.0031  0.0331]
 [ 0.0045  0.0016  0.01  ]
 [ 0.007   0.002   0.0127]
 [ 0.0056  0.001   0.0065]
 [ 0.0024  0.      0.0011]
 [ 0.0036 -0.0011 -0.0009]
 [ 0.0013 -0.0027 -0.0028]
 [-0.0006 -0.002  -0.0027]
 [-0.0035 -0.0071 -0.0169]
 [-0.0013 -0.0036 -0.0148]
 [-0.0009 -0.006  -0.0274]
 [ 0.0021 -0.0006 -0.0174]
 [-0.0021 -0.0008 -0.0069]
 [-0.0221 -0.0083 -0.0166]
 [-0.0308 -0.0146 -0.0085]]


[Δt window 000 | Seq 019] pred (m):
[[-0.0064 -0.0296  0.0194]
 [-0.0041 -0.0265  0.0164]
 [-0.0101  0.026  -0.0332]
 [-0.0379  0.0183 -0.0288]
 [-0.0034 -0.0286  0.0163]
 [-0.0964 -0.0147 -0.0954]
 [-0.0065 -0.0318  0.0155]
 [-0.0024 -0.0309  0.0155]
 [-0.0039 -0.0319  0.0186]
 [ 0.0001 -0.0314  0.017 ]
 [-0.0045  0.0556 -0.0734]
 [-0.0042 -0.0083  0.0071]
 [-0.1245 -0.0024 -0.0722]
 [-0.0045 -0.0155  0.0061]
 [ 0.0215  0.0117 -0.0007]
 [ 0.0163  0.0654 -0.0654]
 [-0.0063 -0.0098  0.003 ]
 [-0.051   0.0024 -0.0235]
 [ 0.0028  0.016   0.0173]
 [-0.0055 -0.0292  0.0151]]
[Δt window 000 | Seq 019] gt   (m):
[[-0.     -0.0067  0.0062]
 [ 0.0011 -0.0052  0.0029]
 [ 0.0084 -0.004  -0.0243]
 [-0.0135 -0.0167 -0.0081]
 [-0.0024 -0.0013  0.0002]
 [-0.0218 -0.0027 -0.0017]
 [-0.006  -0.0013  0.01  ]
 [ 0.0036  0.0022  0.0011]
 [-0.      0.0003 -0.0017]
 [ 0.0053  0.0013 -0.0047]
 [ 0.0299  0.0208 -0.0192]
 [ 0.0032  0.0154 -0.037 ]
 [-0.0332 -0.0371 -0.0546]
 [-0.0014 -0.0199 -0.0321]
 [ 0.0223  0.0281 -0.015 ]
 [ 0.0313  0.0444 -0.0368]
 [-0.0769  0.0447 -0.0204]
 [-0.1763 -0.0672  0.0121]
 [-0.0723 -0.0852 -0.0056]
 [-0.0319 -0.0047  0.0034]]

[INFO] wrote first-5-s relative poses to evaluation_from_scratch/rel_pose_first5s_seq019.csv

[Δt window 001 | Seq 019] pred (m):
[[-0.0041 -0.0214  0.0102]
 [-0.0098  0.0276 -0.036 ]
 [-0.0356  0.0204 -0.0319]
 [-0.0035 -0.0232  0.0101]
 [-0.0901 -0.0104 -0.0939]
 [-0.0064 -0.0262  0.0094]
 [-0.0025 -0.0254  0.0093]
 [-0.004  -0.0264  0.0122]
 [-0.0002 -0.0259  0.0108]
 [-0.0046  0.0551 -0.0734]
 [-0.0042 -0.0044  0.0016]
 [-0.1163  0.0012 -0.0723]
 [-0.0045 -0.0111  0.0006]
 [ 0.0197  0.0143 -0.0057]
 [ 0.0149  0.0642 -0.066 ]
 [-0.0062 -0.0057 -0.0023]
 [-0.0478  0.0056 -0.027 ]
 [ 0.0023  0.0182  0.0111]
 [-0.0054 -0.0238  0.009 ]
 [-0.0012 -0.0161  0.1224]]
[Δt window 001 | Seq 019] gt   (m):
[[ 0.0011 -0.0052  0.0029]
 [ 0.0084 -0.004  -0.0243]
 [-0.0135 -0.0167 -0.0081]
 [-0.0024 -0.0013  0.0002]
 [-0.0218 -0.0027 -0.0017]
 [-0.006  -0.0013  0.01  ]
 [ 0.0036  0.0022  0.0011]
 [-0.      0.0003 -0.0017]
 [ 0.0053  0.0013 -0.0047]
 [ 0.0299  0.0208 -0.0192]
 [ 0.0032  0.0154 -0.037 ]
 [-0.0332 -0.0371 -0.0546]
 [-0.0014 -0.0199 -0.0321]
 [ 0.0223  0.0281 -0.015 ]
 [ 0.0313  0.0444 -0.0368]
 [-0.0769  0.0447 -0.0204]
 [-0.1763 -0.0672  0.0121]
 [-0.0723 -0.0852 -0.0056]
 [-0.0319 -0.0047  0.0034]
 [ 0.021   0.0748  0.03  ]]


[Δt window 002 | Seq 019] pred (m):
[[-0.0063  0.0207 -0.0372]
 [-0.032   0.0136 -0.0331]
 [ 0.     -0.03    0.0088]
 [-0.0863 -0.0171 -0.095 ]
 [-0.0029 -0.0329  0.0081]
 [ 0.001  -0.0321  0.008 ]
 [-0.0005 -0.0331  0.0109]
 [ 0.0033 -0.0326  0.0095]
 [-0.0011  0.0482 -0.0744]
 [-0.0007 -0.0112  0.0003]
 [-0.1125 -0.0056 -0.0734]
 [-0.001  -0.0178 -0.0006]
 [ 0.0231  0.0075 -0.0069]
 [ 0.0183  0.0573 -0.0671]
 [-0.0027 -0.0125 -0.0036]
 [-0.0442 -0.0012 -0.0282]
 [ 0.0058  0.0114  0.0098]
 [-0.0019 -0.0305  0.0077]
 [ 0.0023 -0.0229  0.1208]
 [-0.0749  0.0491 -0.0242]]
[Δt window 002 | Seq 019] gt   (m):
[[ 0.0084 -0.004  -0.0243]
 [-0.0135 -0.0167 -0.0081]
 [-0.0024 -0.0013  0.0002]
 [-0.0218 -0.0027 -0.0017]
 [-0.006  -0.0013  0.01  ]
 [ 0.0036  0.0022  0.0011]
 [-0.      0.0003 -0.0017]
 [ 0.0053  0.0013 -0.0047]
 [ 0.0299  0.0208 -0.0192]
 [ 0.0032  0.0154 -0.037 ]
 [-0.0332 -0.0371 -0.0546]
 [-0.0014 -0.0199 -0.0321]
 [ 0.0223  0.0281 -0.015 ]
 [ 0.0313  0.0444 -0.0368]
 [-0.0769  0.0447 -0.0204]
 [-0.1763 -0.0672  0.0121]
 [-0.0723 -0.0852 -0.0056]
 [-0.0319 -0.0047  0.0034]
 [ 0.021   0.0748  0.03  ]
 [-0.0024 -0.0633 -0.0554]]


[Δt window 003 | Seq 019] pred (m):
[[-0.0342  0.0029 -0.0406]
 [ 0.0041 -0.0491  0.0095]
 [-0.0991 -0.0337 -0.1145]
 [ 0.0006 -0.0526  0.0086]
 [ 0.0052 -0.0516  0.0086]
 [ 0.0035 -0.0528  0.012 ]
 [ 0.008  -0.0522  0.0103]
 [ 0.0028  0.0443 -0.09  ]
 [ 0.0032 -0.0266 -0.0007]
 [-0.1303 -0.02   -0.0887]
 [ 0.0029 -0.0345 -0.0018]
 [ 0.0317 -0.0044 -0.0093]
 [ 0.0259  0.0552 -0.0812]
 [ 0.0008 -0.0282 -0.0053]
 [-0.0487 -0.0147 -0.0347]
 [ 0.011   0.0004  0.0107]
 [ 0.0018 -0.0497  0.0082]
 [ 0.0067 -0.0406  0.1433]
 [-0.0854  0.0454 -0.03  ]
 [ 0.0617  0.0735  0.1053]]
[Δt window 003 | Seq 019] gt   (m):
[[-0.0135 -0.0167 -0.0081]
 [-0.0024 -0.0013  0.0002]
 [-0.0218 -0.0027 -0.0017]
 [-0.006  -0.0013  0.01  ]
 [ 0.0036  0.0022  0.0011]
 [-0.      0.0003 -0.0017]
 [ 0.0053  0.0013 -0.0047]
 [ 0.0299  0.0208 -0.0192]
 [ 0.0032  0.0154 -0.037 ]
 [-0.0332 -0.0371 -0.0546]
 [-0.0014 -0.0199 -0.0321]
 [ 0.0223  0.0281 -0.015 ]
 [ 0.0313  0.0444 -0.0368]
 [-0.0769  0.0447 -0.0204]
 [-0.1763 -0.0672  0.0121]
 [-0.0723 -0.0852 -0.0056]
 [-0.0319 -0.0047  0.0034]
 [ 0.021   0.0748  0.03  ]
 [-0.0024 -0.0633 -0.0554]
 [ 0.0935 -0.2213  0.0553]]


[Δt window 004 | Seq 019] pred (m):
[[ 0.0026 -0.0566  0.0111]
 [-0.1006 -0.0412 -0.1129]
 [-0.0008 -0.0602  0.0102]
 [ 0.0037 -0.0592  0.0102]
 [ 0.002  -0.0603  0.0136]
 [ 0.0065 -0.0598  0.0119]
 [ 0.0013  0.0368 -0.0884]
 [ 0.0017 -0.0341  0.0009]
 [-0.1319 -0.0275 -0.0871]
 [ 0.0014 -0.0421 -0.0002]
 [ 0.0302 -0.0119 -0.0077]
 [ 0.0245  0.0477 -0.0796]
 [-0.0006 -0.0357 -0.0037]
 [-0.0502 -0.0222 -0.0331]
 [ 0.0095 -0.0071  0.0122]
 [ 0.0003 -0.0572  0.0098]
 [ 0.0053 -0.0481  0.145 ]
 [-0.0869  0.0379 -0.0284]
 [ 0.0602  0.0661  0.107 ]
 [ 0.0358  0.102   0.0546]]
[Δt window 004 | Seq 019] gt   (m):
[[-0.0024 -0.0013  0.0002]
 [-0.0218 -0.0027 -0.0017]
 [-0.006  -0.0013  0.01  ]
 [ 0.0036  0.0022  0.0011]
 [-0.      0.0003 -0.0017]
 [ 0.0053  0.0013 -0.0047]
 [ 0.0299  0.0208 -0.0192]
 [ 0.0032  0.0154 -0.037 ]
 [-0.0332 -0.0371 -0.0546]
 [-0.0014 -0.0199 -0.0321]
 [ 0.0223  0.0281 -0.015 ]
 [ 0.0313  0.0444 -0.0368]
 [-0.0769  0.0447 -0.0204]
 [-0.1763 -0.0672  0.0121]
 [-0.0723 -0.0852 -0.0056]
 [-0.0319 -0.0047  0.0034]
 [ 0.021   0.0748  0.03  ]
 [-0.0024 -0.0633 -0.0554]
 [ 0.0935 -0.2213  0.0553]
 [ 0.0284 -0.0605  0.1172]]


🛣️  Path-length ratio (pred / GT): 0.989
🔍 Global scale-drift  mean=53.80%  max=1397.54%

==================================================
📊 EVALUATION RESULTS
==================================================

📏 Translation Error:
   Mean:   3.35 cm
   Std:    5.35 cm
   Median: 1.20 cm
   95%:    14.43 cm
   Max:    61.14 cm

🔄 Rotation Error (degrees):
   Mean:   2.65
   Std:    5.01
   Median: 0.97
   95%:    10.59
   Max:    49.47

📐 Scale Drift (%):
   Mean:   53.80
   Std:    91.52
   Median: 29.04
   95%:    191.70
   Max:    1397.54
==================================================

📊 Plots saved to: evaluation_from_scratch/plots/

📊 Generating 3D trajectory plots and CSV files...

Sequence 016:
  Total windows: 980
  Non-overlapping windows: 49
  APE - Mean: 99.33cm, RMSE: 119.38cm
  RPE - Trans: 3.31cm, Rot: 8.27°
  🛤️  Path-length ratio: 0.890
  📏 Seq scale-drift  mean=44.56%  max=505.95%
Saved ground truth to evaluation_from_scratch/trajectory_016_gt.csv
Saved predictions to evaluation_from_scratch/trajectory_016_pred.csv
Saved ground truth relative poses to evaluation_from_scratch/relative_poses_016_gt.csv
Saved predicted relative poses to evaluation_from_scratch/relative_poses_016_pred.csv
  Relative poses summary for sequence 016:
    Total steps: 932
    Mean translation error: 3.31 cm
    Mean rotation error: 8.26°
    Mean scale ratio: 2.683
    Mean direction angle: 88.2°
Saved interactive plot to evaluation_from_scratch/trajectory_3d_016_interactive.html

Sequence 017:
  Total windows: 980
  Non-overlapping windows: 49
  APE - Mean: 52.09cm, RMSE: 53.10cm
  RPE - Trans: 0.74cm, Rot: 3.63°
  🛤️  Path-length ratio: 0.982
  📏 Seq scale-drift  mean=19.61%  max=283.77%
Saved ground truth to evaluation_from_scratch/trajectory_017_gt.csv
Saved predictions to evaluation_from_scratch/trajectory_017_pred.csv
Saved ground truth relative poses to evaluation_from_scratch/relative_poses_017_gt.csv
Saved predicted relative poses to evaluation_from_scratch/relative_poses_017_pred.csv
  Relative poses summary for sequence 017:
    Total steps: 932
    Mean translation error: 0.74 cm
    Mean rotation error: 3.62°
    Mean scale ratio: 2.613
    Mean direction angle: 83.7°
Saved interactive plot to evaluation_from_scratch/trajectory_3d_017_interactive.html

Sequence 018:
  Total windows: 980
  Non-overlapping windows: 49
  APE - Mean: 97.48cm, RMSE: 104.07cm
  RPE - Trans: 1.95cm, Rot: 5.92°
  🛤️  Path-length ratio: 0.908
  📏 Seq scale-drift  mean=39.83%  max=304.23%
Saved ground truth to evaluation_from_scratch/trajectory_018_gt.csv
Saved predictions to evaluation_from_scratch/trajectory_018_pred.csv
Saved ground truth relative poses to evaluation_from_scratch/relative_poses_018_gt.csv
Saved predicted relative poses to evaluation_from_scratch/relative_poses_018_pred.csv
  Relative poses summary for sequence 018:
    Total steps: 932
    Mean translation error: 1.95 cm
    Mean rotation error: 5.92°
    Mean scale ratio: 3.471
    Mean direction angle: 92.6°
Saved interactive plot to evaluation_from_scratch/trajectory_3d_018_interactive.html

Sequence 019:
  Total windows: 980
  Non-overlapping windows: 49
  APE - Mean: 1107.76cm, RMSE: 1219.98cm
  RPE - Trans: 12.32cm, Rot: 12.93°
  🛤️  Path-length ratio: 0.958
  📏 Seq scale-drift  mean=124.40%  max=1376.38%
Saved ground truth to evaluation_from_scratch/trajectory_019_gt.csv
Saved predictions to evaluation_from_scratch/trajectory_019_pred.csv
Saved ground truth relative poses to evaluation_from_scratch/relative_poses_019_gt.csv
Saved predicted relative poses to evaluation_from_scratch/relative_poses_019_pred.csv
  Relative poses summary for sequence 019:
    Total steps: 932
    Mean translation error: 12.32 cm
    Mean rotation error: 12.92°
    Mean scale ratio: 3.644
    Mean direction angle: 86.5°
Saved interactive plot to evaluation_from_scratch/trajectory_3d_019_interactive.html

💾 Results saved to: evaluation_from_scratch/evaluation_metrics.txt

📊 Scale convergence plot saved to: evaluation_from_scratch/scale_convergence.png

==================================================
📋 SANITY CHECKS
==================================================

✓ Scale Check:
  Total pred/gt length ratio: 0.989
  ✅ PASS: Scale within 5% of ground truth

✓ Coordinate Frame Check:
  Mean angle between pred and gt: <printed above>
  ✅ PASS if < 5° (after Y/Z swap fix)

✓ First 5s Accuracy Check:
  Median translation error: 1.23 cm
  ✅ PASS: Median error < 3 cm

==================================================
📊 SCALE ANALYSIS BY SEQUENCE
==================================================

Sequence 016:
  Windows analyzed: 980
  Mean scale: 0.949
  Std scale: 0.122
  Range: [0.589, 1.462]

Sequence 017:
  Windows analyzed: 980
  Mean scale: 1.057
  Std scale: 0.113
  Range: [0.720, 1.549]

Sequence 018:
  Windows analyzed: 980
  Mean scale: 0.996
  Std scale: 0.142
  Range: [0.636, 1.420]

Sequence 019:
  Windows analyzed: 980
  Mean scale: 0.994
  Std scale: 0.121
  Range: [0.631, 1.449]

📊 Generated outputs:
   Sequence 016:
   - trajectory_016_gt.csv (ground truth)
   - trajectory_016_pred.csv (predictions with errors)
   - trajectory_3d_016.png, trajectory_3d_016_1s.png, trajectory_3d_016_5s.png
   - rotation_3d_016.png, rotation_3d_016_1s.png, rotation_3d_016_5s.png
   - relative_poses_016_gt.csv (ground truth relative poses)
   - relative_poses_016_pred.csv (predicted relative poses with errors)
   - trajectory_3d_016_interactive.html (interactive 3D plot)
   Sequence 017:
   - trajectory_017_gt.csv (ground truth)
   - trajectory_017_pred.csv (predictions with errors)
   - trajectory_3d_017.png, trajectory_3d_017_1s.png, trajectory_3d_017_5s.png
   - rotation_3d_017.png, rotation_3d_017_1s.png, rotation_3d_017_5s.png
   - relative_poses_017_gt.csv (ground truth relative poses)
   - relative_poses_017_pred.csv (predicted relative poses with errors)
   - trajectory_3d_017_interactive.html (interactive 3D plot)
   Sequence 018:
   - trajectory_018_gt.csv (ground truth)
   - trajectory_018_pred.csv (predictions with errors)
   - trajectory_3d_018.png, trajectory_3d_018_1s.png, trajectory_3d_018_5s.png
   - rotation_3d_018.png, rotation_3d_018_1s.png, rotation_3d_018_5s.png
   - relative_poses_018_gt.csv (ground truth relative poses)
   - relative_poses_018_pred.csv (predicted relative poses with errors)
   - trajectory_3d_018_interactive.html (interactive 3D plot)
   Sequence 019:
   - trajectory_019_gt.csv (ground truth)
   - trajectory_019_pred.csv (predictions with errors)
   - trajectory_3d_019.png, trajectory_3d_019_1s.png, trajectory_3d_019_5s.png
   - rotation_3d_019.png, rotation_3d_019_1s.png, rotation_3d_019_5s.png
   - relative_poses_019_gt.csv (ground truth relative poses)
   - relative_poses_019_pred.csv (predicted relative poses with errors)
   - trajectory_3d_019_interactive.html (interactive 3D plot)

✅ Evaluation complete!
📂 Results saved to: evaluation_from_scratch
